<?xml version="1.0" encoding="UTF-8"?>
<!-- Generated by org.testng.reporters.JUnitReportReporter -->
<testsuite hostname="lin81002596" failures="0" tests="1" name="TestCases.Add_to_Cart_test" time="5.748" errors="0" timestamp="2023-12-08T12:39:06 IST" skipped="0">
  <testcase classname="TestCases.Add_to_Cart_test" name="Search_product" time="5.748"/>
  <system-out/>
</testsuite> <!-- TestCases.Add_to_Cart_test -->
