<?xml version="1.0" encoding="UTF-8"?>
<!-- Generated by org.testng.reporters.JUnitReportReporter -->
<testsuite hostname="lin81002596" failures="0" tests="1" name="TestCases.Click_on_the_item_test" time="2.253" errors="0" timestamp="2023-12-07T14:44:33 IST" skipped="0">
  <testcase classname="TestCases.Click_on_the_item_test" name="Apperal_shoes" time="2.253"/>
  <system-out/>
</testsuite> <!-- TestCases.Click_on_the_item_test -->
