<?xml version="1.0" encoding="UTF-8"?>
<!-- Generated by org.testng.reporters.JUnitReportReporter -->
<testsuite hostname="lin81002596" failures="0" tests="1" name="TestCases.HomePage_Test" time="1.118" errors="0" timestamp="2023-12-11T14:51:43 IST" skipped="0">
  <testcase classname="TestCases.HomePage_Test" name="Home_Method" time="1.118"/>
  <system-out/>
</testsuite> <!-- TestCases.HomePage_Test -->
