<?xml version="1.0" encoding="UTF-8"?>
<!-- Generated by org.testng.reporters.JUnitReportReporter -->
<testsuite hostname="lin81002596" failures="0" tests="1" name="TestCases.Add_to_Cart__Test" time="4.345" errors="0" timestamp="2023-12-07T16:27:31 IST" skipped="0">
  <testcase classname="TestCases.Add_to_Cart__Test" name="Search_product" time="4.345"/>
  <system-out/>
</testsuite> <!-- TestCases.Add_to_Cart__Test -->
